 INFO discord_bot: Starting the bot
 INFO discord_bot: Initialized logging
 INFO discord_bot: Starting the bot
 INFO discord_bot: Initialized logging
 INFO discord_bot: Starting the bot
 INFO discord_bot: Initialized logging
 INFO discord_bot: Initialized active record
 INFO discord_bot: Setting the currect time zone
 INFO discord_bot: Initialized models
 INFO discord_bot: Loaded token
 INFO discord_bot: Created bot
 INFO discord_bot: Showing plan
[
[
[
[
[
[
[
INFO 2019-06-04 20:59:17 Starting the bot
INFO 2019-06-04 20:59:17 Initialized logging
INFO 2019-06-04 20:59:17 Initialized active record
INFO 2019-06-04 20:59:17 Setting the currect time zone
INFO 2019-06-04 20:59:17 Initialized models
INFO 2019-06-04 20:59:17 Loaded token
INFO 2019-06-04 20:59:17 Created bot
INFO 2019-06-04 20:59:56 Starting the bot
INFO 2019-06-04 20:59:56 Initialized logging
INFO 2019-06-04 20:59:56 Initialized active record
INFO 2019-06-04 20:59:56 Setting the currect time zone
INFO 2019-06-04 20:59:56 Initialized models
INFO 2019-06-04 20:59:56 Loaded token
INFO 2019-06-04 20:59:56 Created bot
INFO 2019-06-04 21:00:16 Showing plan
INFO 2019-06-04 21:00:25 Showing plane stats
INFO 2019-06-04 21:02:58 Showing plan
INFO 2019-06-04 21:03:21 Adding today from Thorsten
INFO 2019-06-04 21:03:44 Showing plan
INFO 2019-06-04 21:04:04 Adding today from Thorsten
INFO 2019-06-04 21:04:04 Showing plan
